<?xml version="1.0" encoding="UTF-8"?>
<!-- Generated by org.testng.reporters.JUnitReportReporter -->
<testsuite hostname="DESKTOP-NDDEHQG" failures="0" tests="1" name="test.ActitimeLoginLogout" time="10.747" errors="0" timestamp="2023-10-16T18:30:51 IST" skipped="0">
  <testcase classname="test.ActitimeLoginLogout" name="Actitimeloginlogout" time="10.747"/>
  <system-out/>
</testsuite> <!-- test.ActitimeLoginLogout -->
