<?xml version="1.0" encoding="UTF-8"?>
<!-- Generated by org.testng.reporters.JUnitReportReporter -->
<testsuite hostname="DESKTOP-NDDEHQG" failures="0" tests="1" name="functional.Clear" time="26.032" errors="0" timestamp="2023-10-13T12:19:20 IST" skipped="0">
  <testcase classname="functional.Clear" name="startup" time="26.032"/>
</testsuite> <!-- functional.Clear -->
