<?xml version="1.0" encoding="UTF-8"?>
<!-- Generated by org.testng.reporters.JUnitReportReporter -->
<testsuite hostname="DESKTOP-NDDEHQG" failures="0" tests="1" name="fatchingData.Even_number" time="0.016" errors="0" timestamp="2023-10-10T12:08:31 IST" skipped="0">
  <testcase classname="fatchingData.Even_number" name="alternate" time="0.016"/>
</testsuite> <!-- fatchingData.Even_number -->
