<?xml version="1.0" encoding="UTF-8"?>
<!-- Generated by org.testng.reporters.JUnitReportReporter -->
<testsuite hostname="DESKTOP-NDDEHQG" failures="0" tests="1" name="fatchingData.HashMap1111" time="0.213" errors="0" timestamp="2023-10-12T12:18:53 IST" skipped="0">
  <testcase classname="fatchingData.HashMap1111" name="loginsetup" time="0.213"/>
</testsuite> <!-- fatchingData.HashMap1111 -->
