<?xml version="1.0" encoding="UTF-8"?>
<!-- Generated by org.testng.reporters.JUnitReportReporter -->
<testsuite hostname="DESKTOP-NDDEHQG" failures="0" tests="1" name="testCase.ActitimeDeleteTypeOfWork" time="6.861" errors="0" timestamp="2023-10-03T12:58:09 IST" skipped="0">
  <testcase classname="testCase.ActitimeDeleteTypeOfWork" name="Actitimedeletetypeofwork" time="6.861"/>
</testsuite> <!-- testCase.ActitimeDeleteTypeOfWork -->
