<?xml version="1.0" encoding="UTF-8"?>
<!-- Generated by org.testng.reporters.JUnitReportReporter -->
<testsuite hostname="DESKTOP-NDDEHQG" failures="0" tests="1" name="fatchingData.Fatching_data_property" time="8.616" errors="0" timestamp="2023-10-09T12:25:58 IST" skipped="0">
  <testcase classname="fatchingData.Fatching_data_property" name="propertyfile" time="8.616"/>
</testsuite> <!-- fatchingData.Fatching_data_property -->
