<?xml version="1.0" encoding="UTF-8"?>
<!-- Generated by org.testng.reporters.JUnitReportReporter -->
<testsuite hostname="DESKTOP-NDDEHQG" failures="0" tests="1" name="fatchingData.verification" time="0.014" errors="0" timestamp="2023-10-10T11:52:47 IST" skipped="0">
  <testcase classname="fatchingData.verification" name="ver" time="0.014"/>
</testsuite> <!-- fatchingData.verification -->
