<?xml version="1.0" encoding="UTF-8"?>
<!-- Generated by org.testng.reporters.JUnitReportReporter -->
<testsuite hostname="DESKTOP-NDDEHQG" failures="0" tests="2" name="testCase.ActiLogin_and_Logout" time="12.278" errors="0" timestamp="2023-09-26T12:04:39 IST" skipped="0">
  <testcase classname="testCase.ActiLogin_and_Logout" name="Actilogout" time="5.674"/>
  <testcase classname="testCase.ActiLogin_and_Logout" name="Actilogin" time="6.604"/>
</testsuite> <!-- testCase.ActiLogin_and_Logout -->
