<?xml version="1.0" encoding="UTF-8"?>
<!-- Generated by org.testng.reporters.JUnitReportReporter -->
<testsuite hostname="DESKTOP-NDDEHQG" failures="0" tests="3" name="testCase.NumberSum" time="0.026" errors="0" timestamp="2023-10-04T12:20:57 IST" skipped="0">
  <testcase classname="testCase.NumberSum" name="table" time="0.018"/>
  <testcase classname="testCase.NumberSum" name="sumnum" time="0.004"/>
  <testcase classname="testCase.NumberSum" name="even" time="0.004"/>
</testsuite> <!-- testCase.NumberSum -->
