<?xml version="1.0" encoding="UTF-8"?>
<!-- Generated by org.testng.reporters.JUnitReportReporter -->
<testsuite hostname="DESKTOP-NDDEHQG" failures="0" tests="4" name="fatchingData.JaggedArray" time="0.023" errors="0" timestamp="2023-10-10T12:54:55 IST" skipped="0">
  <testcase classname="fatchingData.JaggedArray" name="login" time="0.002"/>
  <testcase classname="fatchingData.JaggedArray" name="login" time="0.009"/>
  <testcase classname="fatchingData.JaggedArray" name="login" time="0.007"/>
  <testcase classname="fatchingData.JaggedArray" name="login" time="0.005"/>
</testsuite> <!-- fatchingData.JaggedArray -->
