<?xml version="1.0" encoding="UTF-8"?>
<!-- Generated by org.testng.reporters.JUnitReportReporter -->
<testsuite hostname="DESKTOP-NDDEHQG" failures="0" tests="14" name="testCase.Skip" time="0.059" errors="0" timestamp="2023-10-03T12:30:17 IST" skipped="0">
  <testcase classname="testCase.Skip" name="c" time="0.002"/>
  <testcase classname="testCase.Skip" name="c" time="0.006"/>
  <testcase classname="testCase.Skip" name="c" time="0.006"/>
  <testcase classname="testCase.Skip" name="c" time="0.006"/>
  <testcase classname="testCase.Skip" name="c" time="0.005"/>
  <testcase classname="testCase.Skip" name="c" time="0.010"/>
  <testcase classname="testCase.Skip" name="d" time="0.002"/>
  <testcase classname="testCase.Skip" name="d" time="0.000"/>
  <testcase classname="testCase.Skip" name="d" time="0.003"/>
  <testcase classname="testCase.Skip" name="d" time="0.007"/>
  <testcase classname="testCase.Skip" name="d" time="0.006"/>
  <testcase classname="testCase.Skip" name="d" time="0.000"/>
  <testcase classname="testCase.Skip" name="a" time="0.002"/>
  <testcase classname="testCase.Skip" name="b" time="0.004"/>
</testsuite> <!-- testCase.Skip -->
