<?xml version="1.0" encoding="UTF-8"?>
<!-- Generated by org.testng.reporters.JUnitReportReporter -->
<testsuite hostname="DESKTOP-NDDEHQG" failures="0" tests="1" name="testCase.ActitimeCreateNewTypeOfWork" time="15.121" errors="0" timestamp="2023-10-03T12:58:09 IST" skipped="0">
  <testcase classname="testCase.ActitimeCreateNewTypeOfWork" name="Actitimecreatenewtypeofwork" time="15.121"/>
</testsuite> <!-- testCase.ActitimeCreateNewTypeOfWork -->
